C:\Program Files (x86)\MSBuild\Microsoft.Cpp\v4.0\V140\Microsoft.CppBuild.targets(392,5): warning MSB8028: The intermediate directory (Release\) contains files shared from another project (myou.vcxproj).  This can lead to incorrect clean and rebuild behavior.
  deletedir.cpp
  GetDiffHour.cpp
  GetSatisfyDiffHour.cpp
  Get_Cookie.cpp
  List_Filepath.cpp
  list_satifydiffhour_file.cpp
  Move_Cursor.cpp
Move_Cursor.cpp(9): warning C4838: 从“int”转换到“SHORT”需要收缩转换
  myunzip.cpp
  myzip.cpp
myzip.cpp(104): warning C4018: “<”: 有符号/无符号不匹配
  PackagPost.cpp
  PostFiletoWeb.cpp
  Rename.cpp
  main.cpp
  unzip.cpp
  zip.cpp
  正在生成代码
  All 699 functions were compiled because no usable IPDB/IOBJ from previous compilation was found.
  已完成代码的生成
  myou.vcxproj -> D:\Project\myou\Release\AutoDeployPdbToMyou.exe
  myou.vcxproj -> D:\Project\myou\Release\AutoDeployPdbToMyou.pdb (Full PDB)
